<?xml version="1.0" encoding="utf-8" standalone="no"?>
<!--This file represents the results of running a test suite-->
<test-results name="C:\Automation\TestTeamAutomationFrameWork_Merged\TestTeamAutomationFrameNew\bin\Release\TestTeamAutomationFrameNew.dll" total="2" errors="2" failures="0" not-run="0" inconclusive="0" ignored="0" skipped="0" invalid="0" date="2013-06-04" time="10:35:49">
  <environment nunit-version="2.6.2.12296" clr-version="2.0.50727.5466" os-version="Microsoft Windows NT 6.1.7601 Service Pack 1" platform="Win32NT" cwd="C:\Automation\TestTeamAutomationFrameWork_Merged\TestTeamAutomationFrameNew\bin\Release" machine-name="TPEDGE-1" user="ian.bennett" user-domain="CORP" />
  <culture-info current-culture="en-GB" current-uiculture="en-US" />
  <test-suite type="Assembly" name="C:\Automation\TestTeamAutomationFrameWork_Merged\TestTeamAutomationFrameNew\bin\Release\TestTeamAutomationFrameNew.dll" executed="False" result="Cancelled">
    <results>
      <test-suite type="Namespace" name="TestTeamAutomationFrameNew" executed="False" result="Cancelled">
        <results>
          <test-suite type="Namespace" name="SmkBOLT" executed="True" result="Failure" success="False" time="36.460" asserts="0">
            <results>
              <test-suite type="TestFixture" name="SmkBOLT" executed="True" result="Failure" success="False" time="36.460" asserts="0">
                <results>
                  <test-suite type="ParameterizedTest" name="firstTest" executed="True" result="Failure" success="False" time="0.352" asserts="0">
                    <results>
                      <test-case name="TestTeamAutomationFrameNew.SmkBOLT.SmkBOLT.firstTest(&quot;2222&quot;,11)" executed="True" result="Error" success="False" time="0.345" asserts="0">
                        <failure>
                          <message><![CDATA[System.TypeInitializationException : The type initializer for 'Run' threw an exception.
  ----> System.NullReferenceException : Object reference not set to an instance of an object.]]></message>
                          <stack-trace><![CDATA[at TestTeamAutomationFrameNew.SmkBOLT.SmkBOLT.firstTest(String sPIN, Int32 iEntries) in C:\Automation\TestTeamAutomationFrameWork_Merged\TestTeamAutomationFrameNew\BOLT_SMK\SmkBOLT.cs:line 57
--NullReferenceException
at TestTeamAutomationFrameNew._genericFunctions.goAndGet(String xmlPath) in C:\Automation\TestTeamAutomationFrameWork_Merged\TestTeamAutomationFrameNew\Functions\_genericFunctions.cs:line 581
at TestTeamAutomationFrameNew.Globals.Run..cctor() in C:\Automation\TestTeamAutomationFrameWork_Merged\TestTeamAutomationFrameNew\Functions\Globals.cs:line 27
]]></stack-trace>
                        </failure>
                      </test-case>
                    </results>
                  </test-suite>
                </results>
              </test-suite>
            </results>
          </test-suite>
          <test-suite type="Namespace" name="SmokeTest" executed="False" result="Cancelled">
            <results>
              <test-suite type="GenericFixture" name="_smokeTest&lt;TWebDriver&gt;" executed="False" result="Cancelled">
                <results>
                  <test-suite type="TestFixture" name="_smokeTest&lt;ChromeDriver&gt;" executed="False" result="Cancelled">
                    <results>
                      <test-case name="TestTeamAutomationFrameNew.SmokeTest._smokeTest&lt;ChromeDriver&gt;.smokeTest" executed="False" result="Cancelled">
                        <failure>
                          <message><![CDATA[Test cancelled by user]]></message>
                          <stack-trace><![CDATA[at System.RuntimeMethodHandle.InvokeMethod(Object target, Object[] arguments, Signature sig, Boolean constructor)
at System.Reflection.RuntimeMethodInfo.UnsafeInvokeInternal(Object obj, Object[] parameters, Object[] arguments)
at System.Reflection.RuntimeMethodInfo.Invoke(Object obj, BindingFlags invokeAttr, Binder binder, Object[] parameters, CultureInfo culture)
at NUnit.Core.Reflect.InvokeMethod(MethodInfo method, Object fixture, Object[] args)
at NUnit.Core.TestMethod.RunTestMethod(TestResult testResult)
at NUnit.Core.TestMethod.RunTestCase(TestResult testResult)
]]></stack-trace>
                        </failure>
                      </test-case>
                    </results>
                  </test-suite>
                </results>
              </test-suite>
            </results>
          </test-suite>
        </results>
      </test-suite>
    </results>
  </test-suite>
</test-results>